::1 - - [07/Sep/2020:15:58:18 +0000] "GET /goals HTTP/1.1" 304 - "http://localhost:3000/" "Mozilla/5.0 (Macintosh; Intel Mac OS X 10_15_6) AppleWebKit/537.36 (KHTML, like Gecko) Chrome/85.0.4183.83 Safari/537.36"
::1 - - [07/Sep/2020:15:59:11 +0000] "GET /goals HTTP/1.1" 304 - "http://localhost:3000/" "Mozilla/5.0 (Macintosh; Intel Mac OS X 10_15_6) AppleWebKit/537.36 (KHTML, like Gecko) Chrome/85.0.4183.83 Safari/537.36"
::1 - - [07/Sep/2020:15:59:41 +0000] "GET /goals HTTP/1.1" 304 - "http://localhost:3000/" "Mozilla/5.0 (Macintosh; Intel Mac OS X 10_15_6) AppleWebKit/537.36 (KHTML, like Gecko) Chrome/85.0.4183.83 Safari/537.36"
::1 - - [07/Sep/2020:16:01:10 +0000] "OPTIONS /goals HTTP/1.1" 200 13 "http://localhost:3000/" "Mozilla/5.0 (Macintosh; Intel Mac OS X 10_15_6) AppleWebKit/537.36 (KHTML, like Gecko) Chrome/85.0.4183.83 Safari/537.36"
::1 - - [07/Sep/2020:16:01:10 +0000] "POST /goals HTTP/1.1" 201 88 "http://localhost:3000/" "Mozilla/5.0 (Macintosh; Intel Mac OS X 10_15_6) AppleWebKit/537.36 (KHTML, like Gecko) Chrome/85.0.4183.83 Safari/537.36"
::1 - - [07/Sep/2020:16:01:11 +0000] "GET /goals HTTP/1.1" 200 68 "http://localhost:3000/" "Mozilla/5.0 (Macintosh; Intel Mac OS X 10_15_6) AppleWebKit/537.36 (KHTML, like Gecko) Chrome/85.0.4183.83 Safari/537.36"
::1 - - [07/Sep/2020:16:01:17 +0000] "OPTIONS /goals HTTP/1.1" 200 13 "http://localhost:3000/" "Mozilla/5.0 (Macintosh; Intel Mac OS X 10_15_6) AppleWebKit/537.36 (KHTML, like Gecko) Chrome/85.0.4183.83 Safari/537.36"
::1 - - [07/Sep/2020:16:01:17 +0000] "POST /goals HTTP/1.1" 201 97 "http://localhost:3000/" "Mozilla/5.0 (Macintosh; Intel Mac OS X 10_15_6) AppleWebKit/537.36 (KHTML, like Gecko) Chrome/85.0.4183.83 Safari/537.36"
::1 - - [07/Sep/2020:16:01:21 +0000] "OPTIONS /goals/5f565946d34d141774eb643f HTTP/1.1" 200 6 "http://localhost:3000/" "Mozilla/5.0 (Macintosh; Intel Mac OS X 10_15_6) AppleWebKit/537.36 (KHTML, like Gecko) Chrome/85.0.4183.83 Safari/537.36"
::1 - - [07/Sep/2020:16:01:21 +0000] "DELETE /goals/5f565946d34d141774eb643f HTTP/1.1" 200 27 "http://localhost:3000/" "Mozilla/5.0 (Macintosh; Intel Mac OS X 10_15_6) AppleWebKit/537.36 (KHTML, like Gecko) Chrome/85.0.4183.83 Safari/537.36"
::1 - - [07/Sep/2020:16:01:21 +0000] "OPTIONS /goals/5f56594dd34d141774eb6440 HTTP/1.1" 200 6 "http://localhost:3000/" "Mozilla/5.0 (Macintosh; Intel Mac OS X 10_15_6) AppleWebKit/537.36 (KHTML, like Gecko) Chrome/85.0.4183.83 Safari/537.36"
::1 - - [07/Sep/2020:16:01:21 +0000] "DELETE /goals/5f56594dd34d141774eb6440 HTTP/1.1" 200 27 "http://localhost:3000/" "Mozilla/5.0 (Macintosh; Intel Mac OS X 10_15_6) AppleWebKit/537.36 (KHTML, like Gecko) Chrome/85.0.4183.83 Safari/537.36"
::1 - - [07/Sep/2020:16:01:33 +0000] "GET /goals HTTP/1.1" 200 12 "http://localhost:3000/" "Mozilla/5.0 (Macintosh; Intel Mac OS X 10_15_6) AppleWebKit/537.36 (KHTML, like Gecko) Chrome/85.0.4183.83 Safari/537.36"
::1 - - [07/Sep/2020:16:01:35 +0000] "OPTIONS /goals HTTP/1.1" 200 13 "http://localhost:3000/" "Mozilla/5.0 (Macintosh; Intel Mac OS X 10_15_6) AppleWebKit/537.36 (KHTML, like Gecko) Chrome/85.0.4183.83 Safari/537.36"
::1 - - [07/Sep/2020:16:01:35 +0000] "POST /goals HTTP/1.1" 201 88 "http://localhost:3000/" "Mozilla/5.0 (Macintosh; Intel Mac OS X 10_15_6) AppleWebKit/537.36 (KHTML, like Gecko) Chrome/85.0.4183.83 Safari/537.36"
::1 - - [07/Sep/2020:16:01:39 +0000] "OPTIONS /goals/5f56595fd34d141774eb6441 HTTP/1.1" 200 6 "http://localhost:3000/" "Mozilla/5.0 (Macintosh; Intel Mac OS X 10_15_6) AppleWebKit/537.36 (KHTML, like Gecko) Chrome/85.0.4183.83 Safari/537.36"
::1 - - [07/Sep/2020:16:01:39 +0000] "DELETE /goals/5f56595fd34d141774eb6441 HTTP/1.1" 200 27 "http://localhost:3000/" "Mozilla/5.0 (Macintosh; Intel Mac OS X 10_15_6) AppleWebKit/537.36 (KHTML, like Gecko) Chrome/85.0.4183.83 Safari/537.36"
::ffff:127.0.0.1 - - [25/Dec/2020:07:37:49 +0000] "GET / HTTP/1.1" 404 139 "-" "Mozilla/5.0 (X11; Linux x86_64; rv:78.0) Gecko/20100101 Firefox/78.0"
::ffff:127.0.0.1 - - [25/Dec/2020:07:53:01 +0000] "GET / HTTP/1.1" 404 139 "-" "Mozilla/5.0 (X11; Linux x86_64; rv:78.0) Gecko/20100101 Firefox/78.0"
::1 - - [25/Dec/2020:08:10:18 +0000] "GET /goals HTTP/1.1" 200 12 "http://localhost:3000/" "Mozilla/5.0 (X11; Linux x86_64; rv:78.0) Gecko/20100101 Firefox/78.0"
::1 - - [25/Dec/2020:08:10:24 +0000] "OPTIONS /goals HTTP/1.1" 200 13 "http://localhost:3000/" "Mozilla/5.0 (X11; Linux x86_64; rv:78.0) Gecko/20100101 Firefox/78.0"
::1 - - [25/Dec/2020:08:10:25 +0000] "POST /goals HTTP/1.1" 201 87 "http://localhost:3000/" "Mozilla/5.0 (X11; Linux x86_64; rv:78.0) Gecko/20100101 Firefox/78.0"
::1 - - [25/Dec/2020:08:10:27 +0000] "OPTIONS /goals/5fe59e70b0b2211228b406b0 HTTP/1.1" 200 6 "http://localhost:3000/" "Mozilla/5.0 (X11; Linux x86_64; rv:78.0) Gecko/20100101 Firefox/78.0"
::1 - - [25/Dec/2020:08:10:27 +0000] "DELETE /goals/5fe59e70b0b2211228b406b0 HTTP/1.1" 200 27 "http://localhost:3000/" "Mozilla/5.0 (X11; Linux x86_64; rv:78.0) Gecko/20100101 Firefox/78.0"
::1 - - [25/Dec/2020:10:50:27 +0000] "GET /goals HTTP/1.1" 200 12 "http://localhost:3000/" "Mozilla/5.0 (X11; Linux x86_64; rv:78.0) Gecko/20100101 Firefox/78.0"
::1 - - [25/Dec/2020:10:50:36 +0000] "OPTIONS /goals HTTP/1.1" 200 13 "http://localhost:3000/" "Mozilla/5.0 (X11; Linux x86_64; rv:78.0) Gecko/20100101 Firefox/78.0"
::1 - - [25/Dec/2020:10:50:36 +0000] "POST /goals HTTP/1.1" 201 87 "http://localhost:3000/" "Mozilla/5.0 (X11; Linux x86_64; rv:78.0) Gecko/20100101 Firefox/78.0"
::1 - - [25/Dec/2020:10:50:42 +0000] "OPTIONS /goals HTTP/1.1" 200 13 "http://localhost:3000/" "Mozilla/5.0 (X11; Linux x86_64; rv:78.0) Gecko/20100101 Firefox/78.0"
::1 - - [25/Dec/2020:10:50:42 +0000] "POST /goals HTTP/1.1" 201 85 "http://localhost:3000/" "Mozilla/5.0 (X11; Linux x86_64; rv:78.0) Gecko/20100101 Firefox/78.0"
::1 - - [25/Dec/2020:10:50:46 +0000] "OPTIONS /goals/5fe5c4027eadb016ccaf264e HTTP/1.1" 200 6 "http://localhost:3000/" "Mozilla/5.0 (X11; Linux x86_64; rv:78.0) Gecko/20100101 Firefox/78.0"
::1 - - [25/Dec/2020:10:50:46 +0000] "DELETE /goals/5fe5c4027eadb016ccaf264e HTTP/1.1" 200 27 "http://localhost:3000/" "Mozilla/5.0 (X11; Linux x86_64; rv:78.0) Gecko/20100101 Firefox/78.0"
::1 - - [25/Dec/2020:10:50:46 +0000] "OPTIONS /goals/5fe5c3fc7eadb016ccaf264d HTTP/1.1" 200 6 "http://localhost:3000/" "Mozilla/5.0 (X11; Linux x86_64; rv:78.0) Gecko/20100101 Firefox/78.0"
::1 - - [25/Dec/2020:10:50:46 +0000] "DELETE /goals/5fe5c3fc7eadb016ccaf264d HTTP/1.1" 200 27 "http://localhost:3000/" "Mozilla/5.0 (X11; Linux x86_64; rv:78.0) Gecko/20100101 Firefox/78.0"
::ffff:127.0.0.1 - - [25/Dec/2020:14:36:29 +0000] "GET /goals HTTP/1.1" 200 69 "http://localhost:3001/" "Mozilla/5.0 (X11; Linux x86_64; rv:78.0) Gecko/20100101 Firefox/78.0"
::ffff:127.0.0.1 - - [25/Dec/2020:14:36:38 +0000] "OPTIONS /goals HTTP/1.1" 200 13 "http://localhost:3001/" "Mozilla/5.0 (X11; Linux x86_64; rv:78.0) Gecko/20100101 Firefox/78.0"
::ffff:127.0.0.1 - - [25/Dec/2020:14:36:38 +0000] "POST /goals HTTP/1.1" 201 86 "http://localhost:3001/" "Mozilla/5.0 (X11; Linux x86_64; rv:78.0) Gecko/20100101 Firefox/78.0"
::ffff:127.0.0.1 - - [25/Dec/2020:14:36:41 +0000] "OPTIONS /goals/5fe5f8f6f0d5941323773e94 HTTP/1.1" 200 6 "http://localhost:3001/" "Mozilla/5.0 (X11; Linux x86_64; rv:78.0) Gecko/20100101 Firefox/78.0"
::ffff:127.0.0.1 - - [25/Dec/2020:14:36:41 +0000] "DELETE /goals/5fe5f8f6f0d5941323773e94 HTTP/1.1" 200 27 "http://localhost:3001/" "Mozilla/5.0 (X11; Linux x86_64; rv:78.0) Gecko/20100101 Firefox/78.0"
